<?xml version="1.0" encoding="UTF-8"?>
<!-- Generated by org.testng.reporters.JUnitXMLReporter -->
<testsuite hostname="DESKTOP-B3JITBB" ignored="0" name="Default test" tests="8" failures="0" timestamp="08 Feb 2023 05:25:27 GMT" time="25.526" errors="0">
  <testcase name="login" time="6.61" classname="com.test.Login"/>
  <testcase name="getStateList" time="0.816" classname="com.test.Login"/>
  <testcase name="getCityList" time="0.932" classname="com.test.Login"/>
  <testcase name="addUserAddress" time="0.966" classname="com.test.Login"/>
  <testcase name="updateUserAddress" time="0.672" classname="com.test.Login"/>
  <testcase name="getUserAddress" time="3.152" classname="com.test.Login"/>
  <testcase name="deleteUserAddress" time="2.898" classname="com.test.Login"/>
  <testcase name="searchProduect" time="9.26" classname="com.test.Login"/>
</testsuite> <!-- Default test -->
