<?xml version="1.0" encoding="UTF-8"?>
<testng-results skipped="0" failed="0" ignored="0" total="8" passed="8">
  <reporter-output>
  </reporter-output>
  <suite name="Default suite" duration-ms="25526" started-at="2023-02-08T05:25:01Z" finished-at="2023-02-08T05:25:27Z">
    <groups>
    </groups>
    <test name="Default test" duration-ms="25526" started-at="2023-02-08T05:25:01Z" finished-at="2023-02-08T05:25:27Z">
      <class name="com.test.Login">
        <test-method status="PASS" signature="login()[pri:1, instance:com.test.Login@14acaea5]" name="login" duration-ms="6610" started-at="2023-02-08T05:25:01Z" finished-at="2023-02-08T05:25:08Z">
          <reporter-output>
          </reporter-output>
        </test-method> <!-- login -->
        <test-method status="PASS" signature="getStateList()[pri:2, instance:com.test.Login@14acaea5]" name="getStateList" duration-ms="816" started-at="2023-02-08T05:25:08Z" finished-at="2023-02-08T05:25:09Z">
          <reporter-output>
          </reporter-output>
        </test-method> <!-- getStateList -->
        <test-method status="PASS" signature="getCityList()[pri:3, instance:com.test.Login@14acaea5]" name="getCityList" duration-ms="932" started-at="2023-02-08T05:25:09Z" finished-at="2023-02-08T05:25:10Z">
          <reporter-output>
          </reporter-output>
        </test-method> <!-- getCityList -->
        <test-method status="PASS" signature="addUserAddress()[pri:4, instance:com.test.Login@14acaea5]" name="addUserAddress" duration-ms="966" started-at="2023-02-08T05:25:10Z" finished-at="2023-02-08T05:25:11Z">
          <reporter-output>
          </reporter-output>
        </test-method> <!-- addUserAddress -->
        <test-method status="PASS" signature="updateUserAddress()[pri:5, instance:com.test.Login@14acaea5]" name="updateUserAddress" duration-ms="672" started-at="2023-02-08T05:25:11Z" finished-at="2023-02-08T05:25:12Z">
          <reporter-output>
          </reporter-output>
        </test-method> <!-- updateUserAddress -->
        <test-method status="PASS" signature="getUserAddress()[pri:6, instance:com.test.Login@14acaea5]" name="getUserAddress" duration-ms="3152" started-at="2023-02-08T05:25:12Z" finished-at="2023-02-08T05:25:15Z">
          <reporter-output>
          </reporter-output>
        </test-method> <!-- getUserAddress -->
        <test-method status="PASS" signature="deleteUserAddress()[pri:7, instance:com.test.Login@14acaea5]" name="deleteUserAddress" duration-ms="2898" started-at="2023-02-08T05:25:15Z" finished-at="2023-02-08T05:25:18Z">
          <reporter-output>
          </reporter-output>
        </test-method> <!-- deleteUserAddress -->
        <test-method status="PASS" signature="searchProduect()[pri:8, instance:com.test.Login@14acaea5]" name="searchProduect" duration-ms="9260" started-at="2023-02-08T05:25:18Z" finished-at="2023-02-08T05:25:27Z">
          <reporter-output>
          </reporter-output>
        </test-method> <!-- searchProduect -->
      </class> <!-- com.test.Login -->
    </test> <!-- Default test -->
  </suite> <!-- Default suite -->
</testng-results>
